# JRE version: Java(TM) SE Runtime Environment (22.0.2+9) (build 22.0.2+9-70)
# Java VM: Java HotSpot(TM) 64-Bit Server VM (22.0.2+9-70, mixed mode, sharing, tiered, compressed oops, compressed class ptrs, parallel gc, windows-amd64)
GC Precious Log:
 CardTable entry size: 512
 CPUs: 4 total, 4 available
 Memory: 3975M
 Large Page Support: Disabled
 NUMA Support: Disabled
 Compressed Oops: Enabled (32-bit)
 Alignments: Space 512K, Generation 512K, Heap 2M
 Heap Min Capacity: 100M
 Heap Initial Capacity: 100M
 Heap Max Capacity: 1G
 Pre-touch: Disabled
 Parallel Workers: 4
Heap:
 PSYoungGen      total 4608K, used 3897K [0x00000000eab00000, 0x00000000eb300000, 0x0000000100000000)
  eden space 3584K, 80% used [0x00000000eab00000,0x00000000eadcf9e8,0x00000000eae80000)
  from space 1024K, 99% used [0x00000000eae80000,0x00000000eaf7ebc0,0x00000000eaf80000)
  to   space 2048K, 0% used [0x00000000eb100000,0x00000000eb100000,0x00000000eb300000)
 ParOldGen       total 211456K, used 199684K [0x00000000c0000000, 0x00000000cce80000, 0x00000000eab00000)
  object space 211456K, 94% used [0x00000000c0000000,0x00000000cc3011e0,0x00000000cce80000)
 Metaspace       used 63705K, committed 65024K, reserved 1114112K
  class space    used 6742K, committed 7296K, reserved 1048576K
GC Heap History (20 events):
Event: 51.889 GC heap before
{Heap before GC invocations=406 (full 4):
 PSYoungGen      total 2048K, used 1928K [0x00000000eab00000, 0x00000000ead80000, 0x0000000100000000)
  eden space 1536K, 100% used [0x00000000eab00000,0x00000000eac80000,0x00000000eac80000)
  from space 512K, 76% used [0x00000000eac80000,0x00000000eace22c0,0x00000000ead00000)
  to   space 512K, 0% used [0x00000000ead00000,0x00000000ead00000,0x00000000ead80000)
 ParOldGen       total 211456K, used 187117K [0x00000000c0000000, 0x00000000cce80000, 0x00000000eab00000)
  object space 211456K, 88% used [0x00000000c0000000,0x00000000cb6bb670,0x00000000cce80000)
 Metaspace       used 63446K, committed 64768K, reserved 1114112K
  class space    used 6729K, committed 7296K, reserved 1048576K
}
Event: 51.893 GC heap after
{Heap after GC invocations=406 (full 4):
 PSYoungGen      total 2048K, used 480K [0x00000000eab00000, 0x00000000ead80000, 0x0000000100000000)
  eden space 1536K, 0% used [0x00000000eab00000,0x00000000eab00000,0x00000000eac80000)
  from space 512K, 93% used [0x00000000ead00000,0x00000000ead78000,0x00000000ead80000)
  to   space 512K, 0% used [0x00000000eac80000,0x00000000eac80000,0x00000000ead00000)
 ParOldGen       total 211456K, used 187125K [0x00000000c0000000, 0x00000000cce80000, 0x00000000eab00000)
  object space 211456K, 88% used [0x00000000c0000000,0x00000000cb6bd670,0x00000000cce80000)
 Metaspace       used 63446K, committed 64768K, reserved 1114112K
  class space    used 6729K, committed 7296K, reserved 1048576K
}
Event: 52.050 GC heap before
{Heap before GC invocations=407 (full 4):
 PSYoungGen      total 2048K, used 2016K [0x00000000eab00000, 0x00000000ead80000, 0x0000000100000000)
  eden space 1536K, 100% used [0x00000000eab00000,0x00000000eac80000,0x00000000eac80000)
  from space 512K, 93% used [0x00000000ead00000,0x00000000ead78000,0x00000000ead80000)
  to   space 512K, 0% used [0x00000000eac80000,0x00000000eac80000,0x00000000ead00000)
 ParOldGen       total 211456K, used 187125K [0x00000000c0000000, 0x00000000cce80000, 0x00000000eab00000)
  object space 211456K, 88% used [0x00000000c0000000,0x00000000cb6bd670,0x00000000cce80000)
 Metaspace       used 63556K, committed 64896K, reserved 1114112K
  class space    used 6729K, committed 7296K, reserved 1048576K
}
Event: 52.055 GC heap after
{Heap after GC invocations=407 (full 4):
 PSYoungGen      total 2048K, used 512K [0x00000000eab00000, 0x00000000ead80000, 0x0000000100000000)
  eden space 1536K, 0% used [0x00000000eab00000,0x00000000eab00000,0x00000000eac80000)
  from space 512K, 100% used [0x00000000eac80000,0x00000000ead00000,0x00000000ead00000)
  to   space 512K, 0% used [0x00000000ead00000,0x00000000ead00000,0x00000000ead80000)
 ParOldGen       total 211456K, used 187260K [0x00000000c0000000, 0x00000000cce80000, 0x00000000eab00000)
  object space 211456K, 88% used [0x00000000c0000000,0x00000000cb6df0b0,0x00000000cce80000)
 Metaspace       used 63556K, committed 64896K, reserved 1114112K
  class space    used 6729K, committed 7296K, reserved 1048576K
}
Event: 52.169 GC heap before
{Heap before GC invocations=408 (full 4):
 PSYoungGen      total 2048K, used 2048K [0x00000000eab00000, 0x00000000ead80000, 0x0000000100000000)
  eden space 1536K, 100% used [0x00000000eab00000,0x00000000eac80000,0x00000000eac80000)
  from space 512K, 100% used [0x00000000eac80000,0x00000000ead00000,0x00000000ead00000)
  to   space 512K, 0% used [0x00000000ead00000,0x00000000ead00000,0x00000000ead80000)
 ParOldGen       total 211456K, used 187260K [0x00000000c0000000, 0x00000000cce80000, 0x00000000eab00000)
  object space 211456K, 88% used [0x00000000c0000000,0x00000000cb6df0b0,0x00000000cce80000)
 Metaspace       used 63576K, committed 64896K, reserved 1114112K
  class space    used 6729K, committed 7296K, reserved 1048576K
}
Event: 52.172 GC heap after
{Heap after GC invocations=408 (full 4):
 PSYoungGen      total 2048K, used 510K [0x00000000eab00000, 0x00000000ead80000, 0x0000000100000000)
  eden space 1536K, 0% used [0x00000000eab00000,0x00000000eab00000,0x00000000eac80000)
  from space 512K, 99% used [0x00000000ead00000,0x00000000ead7f960,0x00000000ead80000)
  to   space 512K, 0% used [0x00000000eac80000,0x00000000eac80000,0x00000000ead00000)
 ParOldGen       total 211456K, used 187621K [0x00000000c0000000, 0x00000000cce80000, 0x00000000eab00000)
  object space 211456K, 88% used [0x00000000c0000000,0x00000000cb739700,0x00000000cce80000)
 Metaspace       used 63576K, committed 64896K, reserved 1114112K
  class space    used 6729K, committed 7296K, reserved 1048576K
}
Event: 52.251 GC heap before
{Heap before GC invocations=409 (full 4):
 PSYoungGen      total 2048K, used 2046K [0x00000000eab00000, 0x00000000ead80000, 0x0000000100000000)
  eden space 1536K, 100% used [0x00000000eab00000,0x00000000eac80000,0x00000000eac80000)
  from space 512K, 99% used [0x00000000ead00000,0x00000000ead7f960,0x00000000ead80000)
  to   space 512K, 0% used [0x00000000eac80000,0x00000000eac80000,0x00000000ead00000)
 ParOldGen       total 211456K, used 187621K [0x00000000c0000000, 0x00000000cce80000, 0x00000000eab00000)
  object space 211456K, 88% used [0x00000000c0000000,0x00000000cb739700,0x00000000cce80000)
 Metaspace       used 63600K, committed 64960K, reserved 1114112K
  class space    used 6729K, committed 7296K, reserved 1048576K
}
Event: 52.253 GC heap after
{Heap after GC invocations=409 (full 4):
 PSYoungGen      total 2048K, used 354K [0x00000000eab00000, 0x00000000eae80000, 0x0000000100000000)
  eden space 1536K, 0% used [0x00000000eab00000,0x00000000eab00000,0x00000000eac80000)
  from space 512K, 69% used [0x00000000eac80000,0x00000000eacd8bc0,0x00000000ead00000)
  to   space 1024K, 0% used [0x00000000ead80000,0x00000000ead80000,0x00000000eae80000)
 ParOldGen       total 211456K, used 188000K [0x00000000c0000000, 0x00000000cce80000, 0x00000000eab00000)
  object space 211456K, 88% used [0x00000000c0000000,0x00000000cb7983c0,0x00000000cce80000)
 Metaspace       used 63600K, committed 64960K, reserved 1114112K
  class space    used 6729K, committed 7296K, reserved 1048576K
}
Event: 52.364 GC heap before
{Heap before GC invocations=410 (full 4):
 PSYoungGen      total 2048K, used 1886K [0x00000000eab00000, 0x00000000eae80000, 0x0000000100000000)
  eden space 1536K, 99% used [0x00000000eab00000,0x00000000eac7ef98,0x00000000eac80000)
  from space 512K, 69% used [0x00000000eac80000,0x00000000eacd8bc0,0x00000000ead00000)
  to   space 1024K, 0% used [0x00000000ead80000,0x00000000ead80000,0x00000000eae80000)
 ParOldGen       total 211456K, used 188000K [0x00000000c0000000, 0x00000000cce80000, 0x00000000eab00000)
  object space 211456K, 88% used [0x00000000c0000000,0x00000000cb7983c0,0x00000000cce80000)
 Metaspace       used 63640K, committed 64960K, reserved 1114112K
  class space    used 6732K, committed 7296K, reserved 1048576K
}
Event: 52.367 GC heap after
{Heap after GC invocations=410 (full 4):
 PSYoungGen      total 2560K, used 677K [0x00000000eab00000, 0x00000000eae80000, 0x0000000100000000)
  eden space 1536K, 0% used [0x00000000eab00000,0x00000000eab00000,0x00000000eac80000)
  from space 1024K, 66% used [0x00000000ead80000,0x00000000eae29420,0x00000000eae80000)
  to   space 1024K, 0% used [0x00000000eac80000,0x00000000eac80000,0x00000000ead80000)
 ParOldGen       total 211456K, used 188000K [0x00000000c0000000, 0x00000000cce80000, 0x00000000eab00000)
  object space 211456K, 88% used [0x00000000c0000000,0x00000000cb7983c0,0x00000000cce80000)
 Metaspace       used 63640K, committed 64960K, reserved 1114112K
  class space    used 6732K, committed 7296K, reserved 1048576K
}
Event: 52.416 GC heap before
{Heap before GC invocations=411 (full 4):
 PSYoungGen      total 2560K, used 2213K [0x00000000eab00000, 0x00000000eae80000, 0x0000000100000000)
  eden space 1536K, 100% used [0x00000000eab00000,0x00000000eac80000,0x00000000eac80000)
  from space 1024K, 66% used [0x00000000ead80000,0x00000000eae29420,0x00000000eae80000)
  to   space 1024K, 0% used [0x00000000eac80000,0x00000000eac80000,0x00000000ead80000)
 ParOldGen       total 211456K, used 188000K [0x00000000c0000000, 0x00000000cce80000, 0x00000000eab00000)
  object space 211456K, 88% used [0x00000000c0000000,0x00000000cb7983c0,0x00000000cce80000)
 Metaspace       used 63641K, committed 64960K, reserved 1114112K
  class space    used 6732K, committed 7296K, reserved 1048576K
}
Event: 52.418 GC heap after
{Heap after GC invocations=411 (full 4):
 PSYoungGen      total 2560K, used 1014K [0x00000000eab00000, 0x00000000eaf80000, 0x0000000100000000)
  eden space 1536K, 0% used [0x00000000eab00000,0x00000000eab00000,0x00000000eac80000)
  from space 1024K, 99% used [0x00000000eac80000,0x00000000ead7d988,0x00000000ead80000)
  to   space 1536K, 0% used [0x00000000eae00000,0x00000000eae00000,0x00000000eaf80000)
 ParOldGen       total 211456K, used 188046K [0x00000000c0000000, 0x00000000cce80000, 0x00000000eab00000)
  object space 211456K, 88% used [0x00000000c0000000,0x00000000cb7a3890,0x00000000cce80000)
 Metaspace       used 63641K, committed 64960K, reserved 1114112K
  class space    used 6732K, committed 7296K, reserved 1048576K
}
Event: 52.497 GC heap before
{Heap before GC invocations=412 (full 4):
 PSYoungGen      total 2560K, used 2550K [0x00000000eab00000, 0x00000000eaf80000, 0x0000000100000000)
  eden space 1536K, 100% used [0x00000000eab00000,0x00000000eac80000,0x00000000eac80000)
  from space 1024K, 99% used [0x00000000eac80000,0x00000000ead7d988,0x00000000ead80000)
  to   space 1536K, 0% used [0x00000000eae00000,0x00000000eae00000,0x00000000eaf80000)
 ParOldGen       total 211456K, used 188046K [0x00000000c0000000, 0x00000000cce80000, 0x00000000eab00000)
  object space 211456K, 88% used [0x00000000c0000000,0x00000000cb7a3890,0x00000000cce80000)
 Metaspace       used 63648K, committed 64960K, reserved 1114112K
  class space    used 6732K, committed 7296K, reserved 1048576K
}
Event: 52.500 GC heap after
{Heap after GC invocations=412 (full 4):
 PSYoungGen      total 2560K, used 798K [0x00000000eab00000, 0x00000000eaf00000, 0x0000000100000000)
  eden space 1536K, 0% used [0x00000000eab00000,0x00000000eab00000,0x00000000eac80000)
  from space 1024K, 78% used [0x00000000eae00000,0x00000000eaec7b90,0x00000000eaf00000)
  to   space 1024K, 0% used [0x00000000eac80000,0x00000000eac80000,0x00000000ead80000)
 ParOldGen       total 211456K, used 188621K [0x00000000c0000000, 0x00000000cce80000, 0x00000000eab00000)
  object space 211456K, 89% used [0x00000000c0000000,0x00000000cb833670,0x00000000cce80000)
 Metaspace       used 63648K, committed 64960K, reserved 1114112K
  class space    used 6732K, committed 7296K, reserved 1048576K
}
Event: 52.541 GC heap before
{Heap before GC invocations=413 (full 4):
 PSYoungGen      total 2560K, used 2334K [0x00000000eab00000, 0x00000000eaf00000, 0x0000000100000000)
  eden space 1536K, 99% used [0x00000000eab00000,0x00000000eac7fff0,0x00000000eac80000)
  from space 1024K, 78% used [0x00000000eae00000,0x00000000eaec7b90,0x00000000eaf00000)
  to   space 1024K, 0% used [0x00000000eac80000,0x00000000eac80000,0x00000000ead80000)
 ParOldGen       total 211456K, used 188621K [0x00000000c0000000, 0x00000000cce80000, 0x00000000eab00000)
  object space 211456K, 89% used [0x00000000c0000000,0x00000000cb833670,0x00000000cce80000)
 Metaspace       used 63648K, committed 64960K, reserved 1114112K
  class space    used 6732K, committed 7296K, reserved 1048576K
}
Event: 52.543 GC heap after
{Heap after GC invocations=413 (full 4):
 PSYoungGen      total 2560K, used 1009K [0x00000000eab00000, 0x00000000eaf80000, 0x0000000100000000)
  eden space 1536K, 0% used [0x00000000eab00000,0x00000000eab00000,0x00000000eac80000)
  from space 1024K, 98% used [0x00000000eac80000,0x00000000ead7c750,0x00000000ead80000)
  to   space 1536K, 0% used [0x00000000eae00000,0x00000000eae00000,0x00000000eaf80000)
 ParOldGen       total 211456K, used 188705K [0x00000000c0000000, 0x00000000cce80000, 0x00000000eab00000)
  object space 211456K, 89% used [0x00000000c0000000,0x00000000cb8485b8,0x00000000cce80000)
 Metaspace       used 63648K, committed 64960K, reserved 1114112K
  class space    used 6732K, committed 7296K, reserved 1048576K
}
Event: 52.592 GC heap before
{Heap before GC invocations=414 (full 4):
 PSYoungGen      total 2560K, used 2545K [0x00000000eab00000, 0x00000000eaf80000, 0x0000000100000000)
  eden space 1536K, 100% used [0x00000000eab00000,0x00000000eac80000,0x00000000eac80000)
  from space 1024K, 98% used [0x00000000eac80000,0x00000000ead7c750,0x00000000ead80000)
  to   space 1536K, 0% used [0x00000000eae00000,0x00000000eae00000,0x00000000eaf80000)
 ParOldGen       total 211456K, used 188705K [0x00000000c0000000, 0x00000000cce80000, 0x00000000eab00000)
  object space 211456K, 89% used [0x00000000c0000000,0x00000000cb8485b8,0x00000000cce80000)
 Metaspace       used 63648K, committed 64960K, reserved 1114112K
  class space    used 6732K, committed 7296K, reserved 1048576K
}
Event: 52.594 GC heap after
{Heap after GC invocations=414 (full 4):
 PSYoungGen      total 2560K, used 936K [0x00000000eab00000, 0x00000000eaf00000, 0x0000000100000000)
  eden space 1536K, 0% used [0x00000000eab00000,0x00000000eab00000,0x00000000eac80000)
  from space 1024K, 91% used [0x00000000eae00000,0x00000000eaeea070,0x00000000eaf00000)
  to   space 1024K, 0% used [0x00000000eac80000,0x00000000eac80000,0x00000000ead80000)
 ParOldGen       total 211456K, used 189342K [0x00000000c0000000, 0x00000000cce80000, 0x00000000eab00000)
  object space 211456K, 89% used [0x00000000c0000000,0x00000000cb8e7ba8,0x00000000cce80000)
 Metaspace       used 63648K, committed 64960K, reserved 1114112K
  class space    used 6732K, committed 7296K, reserved 1048576K
}
Event: 52.921 GC heap before
{Heap before GC invocations=415 (full 4):
 PSYoungGen      total 2560K, used 2472K [0x00000000eab00000, 0x00000000eaf00000, 0x0000000100000000)
  eden space 1536K, 100% used [0x00000000eab00000,0x00000000eac80000,0x00000000eac80000)
  from space 1024K, 91% used [0x00000000eae00000,0x00000000eaeea070,0x00000000eaf00000)
  to   space 1024K, 0% used [0x00000000eac80000,0x00000000eac80000,0x00000000ead80000)
 ParOldGen       total 211456K, used 192798K [0x00000000c0000000, 0x00000000cce80000, 0x00000000eab00000)
  object space 211456K, 91% used [0x00000000c0000000,0x00000000cbc47bb0,0x00000000cce80000)
 Metaspace       used 63648K, committed 64960K, reserved 1114112K
  class space    used 6732K, committed 7296K, reserved 1048576K
}
Event: 52.927 GC heap after
{Heap after GC invocations=415 (full 4):
 PSYoungGen      total 2560K, used 1023K [0x00000000eab00000, 0x00000000eaf80000, 0x0000000100000000)
  eden space 1536K, 0% used [0x00000000eab00000,0x00000000eab00000,0x00000000eac80000)
  from space 1024K, 99% used [0x00000000eac80000,0x00000000ead7fd88,0x00000000ead80000)
  to   space 1536K, 0% used [0x00000000eae00000,0x00000000eae00000,0x00000000eaf80000)
 ParOldGen       total 211456K, used 193007K [0x00000000c0000000, 0x00000000cce80000, 0x00000000eab00000)
  object space 211456K, 91% used [0x00000000c0000000,0x00000000cbc7be98,0x00000000cce80000)
 Metaspace       used 63648K, committed 64960K, reserved 1114112K
  class space    used 6732K, committed 7296K, reserved 1048576K
}

